<?xml version="1.0" encoding="UTF-8"?>
<!-- Generated by org.testng.reporters.JUnitReportReporter -->
<testsuite hostname="LAPTOP-MBLG6C6O" failures="0" tests="1" name="testNgOne.Test1" time="4.445" errors="0" timestamp="2023-04-17T16:04:07 IST" skipped="0">
  <testcase classname="testNgOne.Test1" name="launchfacebook" time="4.445"/>
  <system-out/>
</testsuite> <!-- testNgOne.Test1 -->
