<?xml version="1.0" encoding="UTF-8"?>
<!-- Generated by org.testng.reporters.JUnitReportReporter -->
<testsuite hostname="LAPTOP-MBLG6C6O" failures="0" tests="1" name="testNgOne.Test2" time="8.074" errors="0" timestamp="2023-04-17T16:04:07 IST" skipped="0">
  <testcase classname="testNgOne.Test2" name="launchjdwilliams" time="8.074"/>
  <system-out/>
</testsuite> <!-- testNgOne.Test2 -->
