<?xml version="1.0" encoding="UTF-8"?>
<!-- Generated by org.testng.reporters.JUnitReportReporter -->
<testsuite hostname="LAPTOP-MBLG6C6O" failures="0" tests="1" name="testNgOne.screenshotTest" time="17.871" errors="0" timestamp="2023-04-17T18:52:58 IST" skipped="0">
  <testcase classname="testNgOne.screenshotTest" name="captureScreenShot" time="17.871"/>
  <system-out/>
</testsuite> <!-- testNgOne.screenshotTest -->
