<?xml version="1.0" encoding="UTF-8"?>
<!-- Generated by org.testng.reporters.JUnitReportReporter -->
<testsuite hostname="LAPTOP-MBLG6C6O" failures="0" tests="2" name="testNG.testNG1" time="0.012" errors="0" timestamp="2023-04-14T14:50:49 IST" skipped="0">
  <testcase classname="testNG.testNG1" name="m1" time="0.009"/>
  <system-out/>
  <testcase classname="testNG.testNG1" name="m2" time="0.003"/>
  <system-out/>
</testsuite> <!-- testNG.testNG1 -->
