<?xml version="1.0" encoding="UTF-8"?>
<!-- Generated by org.testng.reporters.JUnitReportReporter -->
<testsuite hostname="LAPTOP-MBLG6C6O" failures="0" tests="3" name="testNG.testNg" time="0.016" errors="0" timestamp="2023-04-14T16:58:20 IST" skipped="0">
  <testcase classname="testNG.testNg" name="writeReviewTest" time="0.002"/>
  <system-out/>
  <testcase classname="testNG.testNg" name="addproductToBagTest" time="0.011"/>
  <system-out/>
  <testcase classname="testNG.testNg" name="searchProductTest" time="0.003"/>
  <system-out/>
</testsuite> <!-- testNG.testNg -->
