<?xml version="1.0" encoding="UTF-8"?>
<!-- Generated by org.testng.reporters.JUnitReportReporter -->
<testsuite hostname="LAPTOP-MBLG6C6O" failures="0" tests="1" name="testNgOne.Test3" time="5.176" errors="0" timestamp="2023-04-17T16:04:07 IST" skipped="0">
  <testcase classname="testNgOne.Test3" name="launchGmail" time="5.176"/>
  <system-out/>
</testsuite> <!-- testNgOne.Test3 -->
