<?xml version="1.0" encoding="UTF-8"?>
<!-- Generated by org.testng.reporters.JUnitReportReporter -->
<testsuite hostname="LAPTOP-MBLG6C6O" failures="0" tests="1" name="testNgOne.XMLParameter" time="0.010" errors="0" timestamp="2023-04-17T17:32:32 IST" skipped="0">
  <testcase classname="testNgOne.XMLParameter" name="login" time="0.010"/>
  <system-out/>
</testsuite> <!-- testNgOne.XMLParameter -->
