<?xml version="1.0" encoding="UTF-8"?>
<!-- Generated by org.testng.reporters.JUnitReportReporter -->
<testsuite hostname="LAPTOP-MBLG6C6O" failures="0" tests="9" name="testNgOne.Test5" time="0.028" errors="0" timestamp="2023-04-17T16:04:07 IST" skipped="1">
  <testcase classname="testNgOne.Test5" name="apple" time="0.004"/>
  <system-out/>
  <testcase classname="testNgOne.Test5" name="apple" time="0.003"/>
  <system-out/>
  <testcase classname="testNgOne.Test5" name="cat" time="0.003"/>
  <system-out/>
  <testcase classname="testNgOne.Test5" name="apple" time="0.001"/>
  <system-out/>
  <testcase classname="testNgOne.Test5" name="apple" time="0.014"/>
  <system-out/>
  <testcase classname="testNgOne.Test5" name="apple" time="0.001"/>
  <system-out/>
  <testcase classname="testNgOne.Test5" name="writeReviewTest" time="0.001"/>
  <system-out/>
  <testcase classname="testNgOne.Test5" name="addproductToBagTest" time="0.001"/>
  <system-out/>
  <testcase classname="testNgOne.Test5" name="searchProductTest">
    <skipped/>
  </testcase> <!-- searchProductTest -->
  <system-out/>
</testsuite> <!-- testNgOne.Test5 -->
