<?xml version="1.0" encoding="UTF-8"?>
<!-- Generated by org.testng.reporters.JUnitReportReporter -->
<testsuite hostname="LAPTOP-MBLG6C6O" failures="0" tests="4" name="testNgOne.Test4" time="0.020" errors="0" timestamp="2023-04-17T16:04:07 IST" skipped="0">
  <testcase classname="testNgOne.Test4" name="mouse" time="0.002"/>
  <system-out/>
  <testcase classname="testNgOne.Test4" name="rat" time="0.003"/>
  <system-out/>
  <testcase classname="testNgOne.Test4" name="cat" time="0.014"/>
  <system-out/>
  <testcase classname="testNgOne.Test4" name="dog" time="0.001"/>
  <system-out/>
</testsuite> <!-- testNgOne.Test4 -->
