<?xml version="1.0" encoding="UTF-8"?>
<!-- Generated by org.testng.reporters.JUnitReportReporter -->
<testsuite hostname="LAPTOP-MBLG6C6O" failures="0" tests="2" name="testNG.testNG2" time="0.010" errors="0" timestamp="2023-04-14T14:50:49 IST" skipped="0">
  <testcase classname="testNG.testNG2" name="test2" time="0.004"/>
  <system-out/>
  <testcase classname="testNG.testNG2" name="test3" time="0.006"/>
  <system-out/>
</testsuite> <!-- testNG.testNG2 -->
