<?xml version="1.0" encoding="UTF-8"?>
<!-- Generated by org.testng.reporters.JUnitReportReporter -->
<testsuite hostname="LAPTOP-MBLG6C6O" failures="0" tests="3" name="testNG.sampleTest" time="0.019" errors="0" timestamp="2023-04-14T16:57:41 IST" skipped="0">
  <testcase classname="testNG.sampleTest" name="searchProductTest" time="0.003"/>
  <system-out/>
  <testcase classname="testNG.sampleTest" name="writeReviewTest" time="0.002"/>
  <system-out/>
  <testcase classname="testNG.sampleTest" name="addProductToBagTest" time="0.014"/>
  <system-out/>
</testsuite> <!-- testNG.sampleTest -->
